{
  "RSpec": {
    "coverage": {
      "/Users/bcassell/Code/egtaonline3/config/initializers/secret_token.rb": [
        null,
        null,
        null,
        null,
        null,
        null,
        1
      ],
      "/Users/bcassell/Code/egtaonline3/spec/features/user_authentication_spec.rb": [
        1,
        null,
        1,
        1,
        1,
        1,
        1,
        1,
        1,
        1,
        1,
        1,
        null,
        null,
        1,
        1,
        1,
        1,
        1,
        1,
        1,
        1,
        1,
        null,
        null,
        1,
        1,
        1,
        1,
        1,
        1,
        1
      ],
      "/Users/bcassell/Code/egtaonline3/spec/support/mailer_macros.rb": [
        1,
        1,
        2,
        null,
        null,
        1,
        31
      ],
      "/Users/bcassell/Code/egtaonline3/config/application.rb": [
        1,
        null,
        1,
        null,
        1,
        null,
        1,
        null,
        null,
        null,
        null,
        1,
        1,
        null,
        null,
        null,
        null,
        null,
        null,
        null,
        null,
        null,
        null,
        null,
        null,
        null,
        null,
        null,
        null,
        null,
        null,
        null,
        null,
        null,
        null,
        null,
        1,
        null,
        null,
        1,
        null,
        null,
        1,
        null,
        null,
        null,
        null,
        null,
        null,
        null,
        null,
        null,
        null,
        1,
        null,
        null,
        1,
        null,
        null,
        1
      ],
      "/Users/bcassell/Code/egtaonline3/app/views/layouts/application.html.haml": [
        48,
        null,
        null,
        null,
        null,
        null,
        null,
        12,
        null,
        null,
        12,
        12,
        null,
        null,
        null,
        null,
        null,
        null,
        null,
        null,
        null,
        null,
        null,
        null,
        null,
        null,
        null,
        null,
        null,
        null,
        12,
        null,
        null,
        null,
        null,
        null,
        12,
        12,
        12,
        12,
        12,
        12,
        12,
        12,
        12,
        12,
        null,
        6,
        0,
        0,
        null,
        18,
        6,
        null,
        6,
        2,
        1,
        null,
        null,
        2,
        null,
        1,
        null,
        null,
        2,
        18,
        null,
        null,
        null,
        null,
        null,
        null,
        12,
        12,
        null,
        6
      ],
      "/Users/bcassell/Code/egtaonline3/config/initializers/show_for.rb": [
        null,
        1
      ],
      "/Users/bcassell/Code/egtaonline3/config/initializers/simple_form.rb": [
        null,
        1,
        null,
        null,
        null,
        null,
        null,
        1,
        null,
        null,
        null,
        null,
        null,
        null,
        null,
        null,
        null,
        1,
        null,
        null,
        null,
        1,
        null,
        null,
        null,
        null,
        null,
        null,
        null,
        null,
        1,
        null,
        null,
        1,
        null,
        null,
        1,
        null,
        null,
        1,
        null,
        null,
        1,
        1,
        1,
        null,
        null,
        null,
        1,
        null,
        null,
        null,
        null,
        null,
        1,
        null,
        null,
        1,
        null,
        null,
        null,
        null,
        null,
        null,
        null,
        1,
        null,
        null,
        1,
        null,
        null,
        null,
        null,
        null,
        null,
        null,
        null,
        null,
        null,
        null,
        null,
        null,
        null,
        null,
        null,
        null,
        null,
        null,
        null,
        null,
        null,
        null,
        null,
        null,
        null,
        null,
        null,
        1,
        null,
        null,
        null,
        null,
        null,
        null,
        null,
        null,
        null,
        null,
        null,
        null,
        1
      ],
      "/Users/bcassell/Code/egtaonline3/config/initializers/wrap_parameters.rb": [
        null,
        null,
        null,
        null,
        null,
        null,
        1,
        1,
        null,
        null,
        null,
        1,
        1
      ],
      "/Users/bcassell/Code/egtaonline3/spec/models/user_spec.rb": [
        1,
        null,
        1,
        1,
        1,
        1,
        1,
        1,
        1,
        1,
        null,
        null,
        null,
        1,
        1,
        1,
        1,
        1,
        1,
        null,
        null,
        null,
        1,
        1,
        1,
        1
      ],
      "/Users/bcassell/Code/egtaonline3/config/routes.rb": [
        1,
        null,
        1,
        null,
        null,
        1,
        null,
        1
      ],
      "/Users/bcassell/Code/egtaonline3/config/environment.rb": [
        null,
        1,
        null,
        null,
        1
      ],
      "/Users/bcassell/Code/egtaonline3/app/helpers/application_helper.rb": [
        1
      ],
      "/Users/bcassell/Code/egtaonline3/config/initializers/simple_form_bootstrap.rb": [
        null,
        1,
        1,
        1,
        1,
        1,
        1,
        1,
        1,
        1,
        null,
        null,
        null,
        1,
        1,
        1,
        1,
        1,
        1,
        1,
        null,
        1,
        1,
        null,
        null,
        null,
        1,
        1,
        1,
        1,
        1,
        1,
        1,
        null,
        1,
        1,
        null,
        null,
        null,
        null,
        null,
        null,
        null,
        1
      ],
      "/Users/bcassell/Code/egtaonline3/spec/models/simulator_spec.rb": [
        1,
        null,
        1,
        1
      ],
      "/Users/bcassell/Code/egtaonline3/app/mailers/admin_mailer.rb": [
        1,
        1,
        null,
        1,
        4,
        4,
        3,
        3
      ],
      "/Users/bcassell/Code/egtaonline3/spec/support/database_cleaner.rb": [
        1,
        null,
        1,
        null,
        1,
        1,
        null,
        null,
        1,
        31,
        null,
        null,
        1,
        0,
        null,
        null,
        1,
        31,
        null,
        null,
        1,
        31
      ],
      "/Users/bcassell/Code/egtaonline3/app/controllers/simulators_controller.rb": [
        1,
        null,
        null,
        1,
        0,
        null,
        0,
        0,
        0,
        null,
        null,
        null,
        null,
        null,
        1,
        0,
        null,
        0,
        0,
        0,
        null,
        null,
        null,
        null,
        null,
        1,
        1,
        null,
        0,
        0,
        0,
        null,
        null,
        null,
        null,
        1,
        0,
        null,
        null,
        null,
        null,
        1,
        4,
        null,
        0,
        0,
        0,
        0,
        null,
        0,
        0,
        null,
        null,
        null,
        null,
        null,
        null,
        1,
        0,
        null,
        0,
        0,
        0,
        0,
        null,
        0,
        0,
        null,
        null,
        null,
        null,
        null,
        null,
        1,
        0,
        0,
        null,
        0,
        0,
        0
      ],
      "/Users/bcassell/Code/egtaonline3/spec/routing/simulators_routing_spec.rb": [
        1,
        null,
        1,
        1,
        null,
        1,
        1,
        null,
        null,
        1,
        1,
        null,
        null,
        1,
        1,
        null,
        null,
        1,
        1,
        null,
        null,
        1,
        1,
        null,
        null,
        1,
        1,
        null,
        null,
        1,
        1
      ],
      "/Users/bcassell/Code/egtaonline3/app/helpers/simulators_helper.rb": [
        1
      ],
      "/Users/bcassell/Code/egtaonline3/config/boot.rb": [
        1,
        null,
        null,
        1,
        null,
        1
      ],
      "/Users/bcassell/Code/egtaonline3/app/views/admin_mailer/user_waiting_for_approval.text.erb": [
        21,
        null,
        3
      ],
      "/Users/bcassell/Code/egtaonline3/app/models/simulator.rb": [
        1,
        1
      ],
      "/Users/bcassell/Code/egtaonline3/app/models/user.rb": [
        1,
        1,
        null,
        null,
        1,
        null,
        1,
        null,
        1,
        7,
        3,
        null,
        null,
        null,
        1,
        4,
        null,
        null,
        1,
        3,
        3,
        null,
        0
      ],
      "/Users/bcassell/Code/egtaonline3/spec/mailers/admin_mailer_spec.rb": [
        1,
        null,
        1,
        1,
        3,
        3,
        3,
        null,
        1,
        1,
        1,
        1,
        null,
        null,
        1,
        2
      ],
      "/Users/bcassell/Code/egtaonline3/config/initializers/airbrake.rb": [
        1,
        1
      ],
      "/Users/bcassell/Code/egtaonline3/app/views/pages/home.html.haml": [
        9,
        null,
        1
      ],
      "/Users/bcassell/Code/egtaonline3/config/initializers/session_store.rb": [
        null,
        null,
        1
      ],
      "/Users/bcassell/Code/egtaonline3/config/environments/test.rb": [
        1,
        null,
        null,
        null,
        null,
        null,
        null,
        1,
        null,
        null,
        1,
        1,
        null,
        null,
        1,
        null,
        null,
        1,
        1,
        null,
        null,
        1,
        null,
        null,
        1,
        null,
        null,
        null,
        null,
        1,
        null,
        null,
        1,
        null,
        null,
        1
      ],
      "/Users/bcassell/Code/egtaonline3/app/controllers/application_controller.rb": [
        1,
        1
      ],
      "/Users/bcassell/Code/egtaonline3/spec/factories/users.rb": [
        1,
        1,
        1,
        1,
        1,
        null,
        1,
        1,
        null,
        1,
        1
      ],
      "/Users/bcassell/Code/egtaonline3/config/initializers/devise.rb": [
        null,
        null,
        1,
        null,
        null,
        null,
        1,
        null,
        null,
        null,
        null,
        null,
        null,
        null,
        null,
        1,
        null,
        null,
        null,
        null,
        null,
        null,
        null,
        null,
        null,
        null,
        null,
        null,
        null,
        null,
        null,
        null,
        null,
        null,
        null,
        null,
        null,
        1,
        null,
        null,
        null,
        null,
        1,
        null,
        null,
        null,
        null,
        null,
        null,
        null,
        null,
        null,
        null,
        null,
        null,
        null,
        null,
        null,
        null,
        null,
        null,
        null,
        null,
        null,
        null,
        null,
        null,
        null,
        null,
        null,
        null,
        null,
        1,
        null,
        null,
        null,
        null,
        null,
        null,
        null,
        null,
        1,
        null,
        null,
        null,
        null,
        null,
        null,
        null,
        null,
        null,
        null,
        null,
        null,
        null,
        null,
        null,
        null,
        null,
        null,
        null,
        null,
        null,
        null,
        null,
        null,
        1,
        null,
        null,
        null,
        null,
        null,
        null,
        null,
        null,
        null,
        null,
        null,
        null,
        null,
        null,
        null,
        null,
        null,
        1,
        null,
        null,
        null,
        null,
        null,
        null,
        null,
        null,
        null,
        null,
        null,
        null,
        null,
        null,
        null,
        null,
        null,
        null,
        null,
        null,
        null,
        null,
        null,
        null,
        null,
        null,
        null,
        null,
        null,
        null,
        null,
        null,
        null,
        null,
        null,
        null,
        null,
        null,
        null,
        null,
        null,
        null,
        null,
        null,
        null,
        1,
        null,
        null,
        null,
        null,
        null,
        null,
        null,
        null,
        null,
        null,
        null,
        null,
        null,
        null,
        null,
        null,
        null,
        null,
        null,
        null,
        null,
        null,
        null,
        null,
        null,
        null,
        null,
        null,
        null,
        null,
        null,
        null,
        null,
        null,
        null,
        null,
        null,
        null,
        null,
        1
      ]
            },
    "timestamp": 1365811730
    },
  "Cucumber Features": {
    "coverage": {
      "/Users/bcassell/Code/egtaonline3/config/initializers/secret_token.rb": [
        null,
        null,
        null,
        null,
        null,
        null,
        1
      ],
      "/Users/bcassell/Code/egtaonline3/spec/support/mailer_macros.rb": [
        1,
        1,
        2,
        null,
        null,
        1,
        3
      ],
      "/Users/bcassell/Code/egtaonline3/config/application.rb": [
        1,
        null,
        1,
        null,
        1,
        null,
        1,
        null,
        null,
        null,
        null,
        1,
        1,
        null,
        null,
        null,
        null,
        null,
        null,
        null,
        null,
        null,
        null,
        null,
        null,
        null,
        null,
        null,
        null,
        null,
        null,
        null,
        null,
        null,
        null,
        null,
        1,
        null,
        null,
        1,
        null,
        null,
        1,
        null,
        null,
        null,
        null,
        null,
        null,
        null,
        null,
        null,
        null,
        1,
        null,
        null,
        1,
        null,
        null,
        1
      ],
      "/Users/bcassell/Code/egtaonline3/app/views/layouts/application.html.haml": [
        48,
        null,
        null,
        null,
        null,
        null,
        null,
        12,
        null,
        null,
        12,
        12,
        null,
        null,
        null,
        null,
        null,
        null,
        null,
        null,
        null,
        null,
        null,
        null,
        null,
        null,
        null,
        null,
        null,
        null,
        12,
        null,
        null,
        null,
        null,
        null,
        12,
        12,
        12,
        12,
        12,
        12,
        12,
        12,
        12,
        12,
        null,
        6,
        0,
        0,
        null,
        18,
        6,
        null,
        6,
        2,
        1,
        null,
        null,
        2,
        null,
        1,
        null,
        null,
        2,
        18,
        null,
        null,
        null,
        null,
        null,
        null,
        12,
        12,
        null,
        6
      ],
      "/Users/bcassell/Code/egtaonline3/config/initializers/show_for.rb": [
        null,
        1
      ],
      "/Users/bcassell/Code/egtaonline3/config/initializers/simple_form.rb": [
        null,
        1,
        null,
        null,
        null,
        null,
        null,
        1,
        null,
        null,
        null,
        null,
        null,
        null,
        null,
        null,
        null,
        1,
        null,
        null,
        null,
        1,
        null,
        null,
        null,
        null,
        null,
        null,
        null,
        null,
        1,
        null,
        null,
        1,
        null,
        null,
        1,
        null,
        null,
        1,
        null,
        null,
        1,
        1,
        1,
        null,
        null,
        null,
        1,
        null,
        null,
        null,
        null,
        null,
        1,
        null,
        null,
        1,
        null,
        null,
        null,
        null,
        null,
        null,
        null,
        1,
        null,
        null,
        1,
        null,
        null,
        null,
        null,
        null,
        null,
        null,
        null,
        null,
        null,
        null,
        null,
        null,
        null,
        null,
        null,
        null,
        null,
        null,
        null,
        null,
        null,
        null,
        null,
        null,
        null,
        null,
        null,
        1,
        null,
        null,
        null,
        null,
        null,
        null,
        null,
        null,
        null,
        null,
        null,
        null,
        1
      ],
      "/Users/bcassell/Code/egtaonline3/config/initializers/wrap_parameters.rb": [
        null,
        null,
        null,
        null,
        null,
        null,
        1,
        1,
        null,
        null,
        null,
        1,
        1
      ],
      "/Users/bcassell/Code/egtaonline3/config/routes.rb": [
        1,
        null,
        1,
        null,
        1
      ],
      "/Users/bcassell/Code/egtaonline3/config/environment.rb": [
        null,
        1,
        null,
        null,
        1
      ],
      "/Users/bcassell/Code/egtaonline3/app/helpers/application_helper.rb": [
        1
      ],
      "/Users/bcassell/Code/egtaonline3/config/initializers/simple_form_bootstrap.rb": [
        null,
        1,
        1,
        1,
        1,
        1,
        1,
        1,
        1,
        1,
        null,
        null,
        null,
        1,
        1,
        1,
        1,
        1,
        1,
        1,
        null,
        1,
        1,
        null,
        null,
        null,
        1,
        1,
        1,
        1,
        1,
        1,
        1,
        null,
        1,
        1,
        null,
        null,
        null,
        null,
        null,
        null,
        null,
        1
      ],
      "/Users/bcassell/Code/egtaonline3/app/mailers/admin_mailer.rb": [
        1,
        1,
        null,
        1,
        2,
        2,
        1,
        1
      ],
      "/Users/bcassell/Code/egtaonline3/spec/support/database_cleaner.rb": [
        1,
        null,
        1,
        null,
        1,
        1,
        null,
        null,
        1,
        3,
        null,
        null,
        1,
        0,
        null,
        null,
        1,
        3,
        null,
        null,
        1,
        3
      ],
      "/Users/bcassell/Code/egtaonline3/config/boot.rb": [
        1,
        null,
        null,
        1,
        null,
        1
      ],
      "/Users/bcassell/Code/egtaonline3/app/views/admin_mailer/user_waiting_for_approval.text.erb": [
        7,
        null,
        1
      ],
      "/Users/bcassell/Code/egtaonline3/app/models/user.rb": [
        1,
        1,
        null,
        null,
        1,
        null,
        1,
        null,
        1,
        4,
        2,
        null,
        null,
        null,
        1,
        2,
        null,
        null,
        1,
        2,
        2,
        null,
        0
      ],
      "/Users/bcassell/Code/egtaonline3/config/initializers/airbrake.rb": [
        1,
        1
      ],
      "/Users/bcassell/Code/egtaonline3/app/views/pages/home.html.haml": [
        9,
        null,
        1
      ],
      "/Users/bcassell/Code/egtaonline3/config/initializers/session_store.rb": [
        null,
        null,
        1
      ],
      "/Users/bcassell/Code/egtaonline3/config/environments/test.rb": [
        1,
        null,
        null,
        null,
        null,
        null,
        null,
        1,
        null,
        null,
        1,
        1,
        null,
        null,
        1,
        null,
        null,
        1,
        1,
        null,
        null,
        1,
        null,
        null,
        1,
        null,
        null,
        null,
        null,
        1,
        null,
        null,
        1,
        null,
        null,
        1
      ],
      "/Users/bcassell/Code/egtaonline3/app/controllers/application_controller.rb": [
        1,
        1
      ],
      "/Users/bcassell/Code/egtaonline3/spec/factories/users.rb": [
        1,
        1,
        1,
        1,
        1,
        null,
        1,
        1,
        null,
        1,
        1
      ],
      "/Users/bcassell/Code/egtaonline3/config/initializers/devise.rb": [
        null,
        null,
        1,
        null,
        null,
        null,
        1,
        null,
        null,
        null,
        null,
        null,
        null,
        null,
        null,
        1,
        null,
        null,
        null,
        null,
        null,
        null,
        null,
        null,
        null,
        null,
        null,
        null,
        null,
        null,
        null,
        null,
        null,
        null,
        null,
        null,
        null,
        1,
        null,
        null,
        null,
        null,
        1,
        null,
        null,
        null,
        null,
        null,
        null,
        null,
        null,
        null,
        null,
        null,
        null,
        null,
        null,
        null,
        null,
        null,
        null,
        null,
        null,
        null,
        null,
        null,
        null,
        null,
        null,
        null,
        null,
        null,
        1,
        null,
        null,
        null,
        null,
        null,
        null,
        null,
        null,
        1,
        null,
        null,
        null,
        null,
        null,
        null,
        null,
        null,
        null,
        null,
        null,
        null,
        null,
        null,
        null,
        null,
        null,
        null,
        null,
        null,
        null,
        null,
        null,
        null,
        1,
        null,
        null,
        null,
        null,
        null,
        null,
        null,
        null,
        null,
        null,
        null,
        null,
        null,
        null,
        null,
        null,
        null,
        1,
        null,
        null,
        null,
        null,
        null,
        null,
        null,
        null,
        null,
        null,
        null,
        null,
        null,
        null,
        null,
        null,
        null,
        null,
        null,
        null,
        null,
        null,
        null,
        null,
        null,
        null,
        null,
        null,
        null,
        null,
        null,
        null,
        null,
        null,
        null,
        null,
        null,
        null,
        null,
        null,
        null,
        null,
        null,
        null,
        null,
        1,
        null,
        null,
        null,
        null,
        null,
        null,
        null,
        null,
        null,
        null,
        null,
        null,
        null,
        null,
        null,
        null,
        null,
        null,
        null,
        null,
        null,
        null,
        null,
        null,
        null,
        null,
        null,
        null,
        null,
        null,
        null,
        null,
        null,
        null,
        null,
        null,
        null,
        null,
        null,
        1
      ]
            },
    "timestamp": 1365807462
    }
}
